# JRE version: Java(TM) SE Runtime Environment (8.0_121-b13) (build 1.8.0_121-b13)
# Java VM: Java HotSpot(TM) 64-Bit Server VM (25.121-b13 mixed mode bsd-amd64 compressed oops)
Heap:
 PSYoungGen      total 58368K, used 13763K [0x00000007aab00000, 0x00000007aee80000, 0x00000007c0000000)
  eden space 50688K, 16% used [0x00000007aab00000,0x00000007ab307a78,0x00000007adc80000)
  from space 7680K, 72% used [0x00000007ae700000,0x00000007aec694d8,0x00000007aee80000)
  to   space 9216K, 0% used [0x00000007adc80000,0x00000007adc80000,0x00000007ae580000)
 ParOldGen       total 81920K, used 19276K [0x0000000780000000, 0x0000000785000000, 0x00000007aab00000)
  object space 81920K, 23% used [0x0000000780000000,0x00000007812d3150,0x0000000785000000)
 Metaspace       used 9366K, capacity 9525K, committed 9856K, reserved 1058816K
  class space    used 1006K, capacity 1053K, committed 1152K, reserved 1048576K
GC Heap History (10 events):
Event: 2.613 GC heap before
{Heap before GC invocations=4 (full 1):
 PSYoungGen      total 18944K, used 16384K [0x00000007aab00000, 0x00000007ad000000, 0x00000007c0000000)
  eden space 16384K, 100% used [0x00000007aab00000,0x00000007abb00000,0x00000007abb00000)
  from space 2560K, 0% used [0x00000007abd80000,0x00000007abd80000,0x00000007ac000000)
  to   space 2560K, 0% used [0x00000007abb00000,0x00000007abb00000,0x00000007abd80000)
 ParOldGen       total 54272K, used 10825K [0x0000000780000000, 0x0000000783500000, 0x00000007aab00000)
  object space 54272K, 19% used [0x0000000780000000,0x0000000780a92770,0x0000000783500000)
 Metaspace       used 9286K, capacity 9397K, committed 9600K, reserved 1058816K
  class space    used 1002K, capacity 1053K, committed 1152K, reserved 1048576K
Event: 2.618 GC heap after
Heap after GC invocations=4 (full 1):
 PSYoungGen      total 18944K, used 128K [0x00000007aab00000, 0x00000007acd80000, 0x00000007c0000000)
  eden space 16384K, 0% used [0x00000007aab00000,0x00000007aab00000,0x00000007abb00000)
  from space 2560K, 5% used [0x00000007abb00000,0x00000007abb20000,0x00000007abd80000)
  to   space 2560K, 0% used [0x00000007acb00000,0x00000007acb00000,0x00000007acd80000)
 ParOldGen       total 54272K, used 27778K [0x0000000780000000, 0x0000000783500000, 0x00000007aab00000)
  object space 54272K, 51% used [0x0000000780000000,0x0000000781b20b10,0x0000000783500000)
 Metaspace       used 9286K, capacity 9397K, committed 9600K, reserved 1058816K
  class space    used 1002K, capacity 1053K, committed 1152K, reserved 1048576K
}
Event: 2.865 GC heap before
{Heap before GC invocations=5 (full 1):
 PSYoungGen      total 18944K, used 13531K [0x00000007aab00000, 0x00000007acd80000, 0x00000007c0000000)
  eden space 16384K, 81% used [0x00000007aab00000,0x00000007ab816ff0,0x00000007abb00000)
  from space 2560K, 5% used [0x00000007abb00000,0x00000007abb20000,0x00000007abd80000)
  to   space 2560K, 0% used [0x00000007acb00000,0x00000007acb00000,0x00000007acd80000)
 ParOldGen       total 54272K, used 27778K [0x0000000780000000, 0x0000000783500000, 0x00000007aab00000)
  object space 54272K, 51% used [0x0000000780000000,0x0000000781b20b10,0x0000000783500000)
 Metaspace       used 9311K, capacity 9461K, committed 9600K, reserved 1058816K
  class space    used 1004K, capacity 1053K, committed 1152K, reserved 1048576K
Event: 2.866 GC heap after
Heap after GC invocations=5 (full 1):
 PSYoungGen      total 31744K, used 128K [0x00000007aab00000, 0x00000007acd00000, 0x00000007c0000000)
  eden space 29696K, 0% used [0x00000007aab00000,0x00000007aab00000,0x00000007ac800000)
  from space 2048K, 6% used [0x00000007acb00000,0x00000007acb20000,0x00000007acd00000)
  to   space 2560K, 0% used [0x00000007ac800000,0x00000007ac800000,0x00000007aca80000)
 ParOldGen       total 54272K, used 27778K [0x0000000780000000, 0x0000000783500000, 0x00000007aab00000)
  object space 54272K, 51% used [0x0000000780000000,0x0000000781b20b10,0x0000000783500000)
 Metaspace       used 9311K, capacity 9461K, committed 9600K, reserved 1058816K
  class space    used 1004K, capacity 1053K, committed 1152K, reserved 1048576K
}
Event: 3.409 GC heap before
{Heap before GC invocations=6 (full 1):
 PSYoungGen      total 31744K, used 29824K [0x00000007aab00000, 0x00000007acd00000, 0x00000007c0000000)
  eden space 29696K, 100% used [0x00000007aab00000,0x00000007ac800000,0x00000007ac800000)
  from space 2048K, 6% used [0x00000007acb00000,0x00000007acb20000,0x00000007acd00000)
  to   space 2560K, 0% used [0x00000007ac800000,0x00000007ac800000,0x00000007aca80000)
 ParOldGen       total 54272K, used 27778K [0x0000000780000000, 0x0000000783500000, 0x00000007aab00000)
  object space 54272K, 51% used [0x0000000780000000,0x0000000781b20b10,0x0000000783500000)
 Metaspace       used 9314K, capacity 9461K, committed 9600K, reserved 1058816K
  class space    used 1004K, capacity 1053K, committed 1152K, reserved 1048576K
Event: 3.449 GC heap after
Heap after GC invocations=6 (full 1):
 PSYoungGen      total 32256K, used 160K [0x00000007aab00000, 0x00000007aee80000, 0x00000007c0000000)
  eden space 29696K, 0% used [0x00000007aab00000,0x00000007aab00000,0x00000007ac800000)
  from space 2560K, 6% used [0x00000007ac800000,0x00000007ac828000,0x00000007aca80000)
  to   space 7680K, 0% used [0x00000007ae700000,0x00000007ae700000,0x00000007aee80000)
 ParOldGen       total 68096K, used 66086K [0x0000000780000000, 0x0000000784280000, 0x00000007aab00000)
  object space 68096K, 97% used [0x0000000780000000,0x0000000784089bd0,0x0000000784280000)
 Metaspace       used 9314K, capacity 9461K, committed 9600K, reserved 1058816K
  class space    used 1004K, capacity 1053K, committed 1152K, reserved 1048576K
}
Event: 3.449 GC heap before
{Heap before GC invocations=7 (full 2):
 PSYoungGen      total 32256K, used 160K [0x00000007aab00000, 0x00000007aee80000, 0x00000007c0000000)
  eden space 29696K, 0% used [0x00000007aab00000,0x00000007aab00000,0x00000007ac800000)
  from space 2560K, 6% used [0x00000007ac800000,0x00000007ac828000,0x00000007aca80000)
  to   space 7680K, 0% used [0x00000007ae700000,0x00000007ae700000,0x00000007aee80000)
 ParOldGen       total 68096K, used 66086K [0x0000000780000000, 0x0000000784280000, 0x00000007aab00000)
  object space 68096K, 97% used [0x0000000780000000,0x0000000784089bd0,0x0000000784280000)
 Metaspace       used 9314K, capacity 9461K, committed 9600K, reserved 1058816K
  class space    used 1004K, capacity 1053K, committed 1152K, reserved 1048576K
Event: 3.483 GC heap after
Heap after GC invocations=7 (full 2):
 PSYoungGen      total 32256K, used 0K [0x00000007aab00000, 0x00000007aee80000, 0x00000007c0000000)
  eden space 29696K, 0% used [0x00000007aab00000,0x00000007aab00000,0x00000007ac800000)
  from space 2560K, 0% used [0x00000007ac800000,0x00000007ac800000,0x00000007aca80000)
  to   space 7680K, 0% used [0x00000007ae700000,0x00000007ae700000,0x00000007aee80000)
 ParOldGen       total 81920K, used 19268K [0x0000000780000000, 0x0000000785000000, 0x00000007aab00000)
  object space 81920K, 23% used [0x0000000780000000,0x00000007812d1150,0x0000000785000000)
 Metaspace       used 9314K, capacity 9461K, committed 9600K, reserved 1058816K
  class space    used 1004K, capacity 1053K, committed 1152K, reserved 1048576K
}
Event: 3.692 GC heap before
{Heap before GC invocations=8 (full 2):
 PSYoungGen      total 32256K, used 29696K [0x00000007aab00000, 0x00000007aee80000, 0x00000007c0000000)
  eden space 29696K, 100% used [0x00000007aab00000,0x00000007ac800000,0x00000007ac800000)
  from space 2560K, 0% used [0x00000007ac800000,0x00000007ac800000,0x00000007aca80000)
  to   space 7680K, 0% used [0x00000007ae700000,0x00000007ae700000,0x00000007aee80000)
 ParOldGen       total 81920K, used 19268K [0x0000000780000000, 0x0000000785000000, 0x00000007aab00000)
  object space 81920K, 23% used [0x0000000780000000,0x00000007812d1150,0x0000000785000000)
 Metaspace       used 9330K, capacity 9525K, committed 9856K, reserved 1058816K
  class space    used 1004K, capacity 1053K, committed 1152K, reserved 1048576K
Event: 3.705 GC heap after
Heap after GC invocations=8 (full 2):
 PSYoungGen      total 58368K, used 5541K [0x00000007aab00000, 0x00000007aee80000, 0x00000007c0000000)
  eden space 50688K, 0% used [0x00000007aab00000,0x00000007aab00000,0x00000007adc80000)
  from space 7680K, 72% used [0x00000007ae700000,0x00000007aec694d8,0x00000007aee80000)
  to   space 9216K, 0% used [0x00000007adc80000,0x00000007adc80000,0x00000007ae580000)
 ParOldGen       total 81920K, used 19276K [0x0000000780000000, 0x0000000785000000, 0x00000007aab00000)
  object space 81920K, 23% used [0x0000000780000000,0x00000007812d3150,0x0000000785000000)
 Metaspace       used 9330K, capacity 9525K, committed 9856K, reserved 1058816K
  class space    used 1004K, capacity 1053K, committed 1152K, reserved 1048576K
}

