# JRE version: Java(TM) SE Runtime Environment (8.0_121-b13) (build 1.8.0_121-b13)
# Java VM: Java HotSpot(TM) 64-Bit Server VM (25.121-b13 mixed mode bsd-amd64 compressed oops)
Heap:
 PSYoungGen      total 49664K, used 14810K [0x00000007aab00000, 0x00000007aeb80000, 0x00000007c0000000)
  eden space 47104K, 26% used [0x00000007aab00000,0x00000007ab712df0,0x00000007ad900000)
  from space 2560K, 95% used [0x00000007ae900000,0x00000007aeb63df8,0x00000007aeb80000)
  to   space 9216K, 0% used [0x00000007ad980000,0x00000007ad980000,0x00000007ae280000)
 ParOldGen       total 81408K, used 19235K [0x0000000780000000, 0x0000000784f80000, 0x00000007aab00000)
  object space 81408K, 23% used [0x0000000780000000,0x00000007812c8db0,0x0000000784f80000)
 Metaspace       used 9478K, capacity 9685K, committed 9856K, reserved 1058816K
  class space    used 1010K, capacity 1085K, committed 1152K, reserved 1048576K
GC Heap History (10 events):
Event: 1.966 GC heap before
{Heap before GC invocations=4 (full 1):
 PSYoungGen      total 18944K, used 16384K [0x00000007aab00000, 0x00000007ad000000, 0x00000007c0000000)
  eden space 16384K, 100% used [0x00000007aab00000,0x00000007abb00000,0x00000007abb00000)
  from space 2560K, 0% used [0x00000007abd80000,0x00000007abd80000,0x00000007ac000000)
  to   space 2560K, 0% used [0x00000007abb00000,0x00000007abb00000,0x00000007abd80000)
 ParOldGen       total 56832K, used 10823K [0x0000000780000000, 0x0000000783780000, 0x00000007aab00000)
  object space 56832K, 19% used [0x0000000780000000,0x0000000780a91d98,0x0000000783780000)
 Metaspace       used 9266K, capacity 9397K, committed 9600K, reserved 1058816K
  class space    used 1002K, capacity 1053K, committed 1152K, reserved 1048576K
Event: 1.969 GC heap after
Heap after GC invocations=4 (full 1):
 PSYoungGen      total 18944K, used 96K [0x00000007aab00000, 0x00000007acd80000, 0x00000007c0000000)
  eden space 16384K, 0% used [0x00000007aab00000,0x00000007aab00000,0x00000007abb00000)
  from space 2560K, 3% used [0x00000007abb00000,0x00000007abb18000,0x00000007abd80000)
  to   space 2560K, 0% used [0x00000007acb00000,0x00000007acb00000,0x00000007acd80000)
 ParOldGen       total 56832K, used 24950K [0x0000000780000000, 0x0000000783780000, 0x00000007aab00000)
  object space 56832K, 43% used [0x0000000780000000,0x000000078185db48,0x0000000783780000)
 Metaspace       used 9266K, capacity 9397K, committed 9600K, reserved 1058816K
  class space    used 1002K, capacity 1053K, committed 1152K, reserved 1048576K
}
Event: 2.121 GC heap before
{Heap before GC invocations=5 (full 1):
 PSYoungGen      total 18944K, used 13384K [0x00000007aab00000, 0x00000007acd80000, 0x00000007c0000000)
  eden space 16384K, 81% used [0x00000007aab00000,0x00000007ab7fa158,0x00000007abb00000)
  from space 2560K, 3% used [0x00000007abb00000,0x00000007abb18000,0x00000007abd80000)
  to   space 2560K, 0% used [0x00000007acb00000,0x00000007acb00000,0x00000007acd80000)
 ParOldGen       total 56832K, used 24950K [0x0000000780000000, 0x0000000783780000, 0x00000007aab00000)
  object space 56832K, 43% used [0x0000000780000000,0x000000078185db48,0x0000000783780000)
 Metaspace       used 9287K, capacity 9461K, committed 9600K, reserved 1058816K
  class space    used 1004K, capacity 1053K, committed 1152K, reserved 1048576K
Event: 2.122 GC heap after
Heap after GC invocations=5 (full 1):
 PSYoungGen      total 30720K, used 160K [0x00000007aab00000, 0x00000007acc80000, 0x00000007c0000000)
  eden space 29184K, 0% used [0x00000007aab00000,0x00000007aab00000,0x00000007ac780000)
  from space 1536K, 10% used [0x00000007acb00000,0x00000007acb28000,0x00000007acc80000)
  to   space 2560K, 0% used [0x00000007ac780000,0x00000007ac780000,0x00000007aca00000)
 ParOldGen       total 56832K, used 24950K [0x0000000780000000, 0x0000000783780000, 0x00000007aab00000)
  object space 56832K, 43% used [0x0000000780000000,0x000000078185db48,0x0000000783780000)
 Metaspace       used 9287K, capacity 9461K, committed 9600K, reserved 1058816K
  class space    used 1004K, capacity 1053K, committed 1152K, reserved 1048576K
}
Event: 2.314 GC heap before
{Heap before GC invocations=6 (full 1):
 PSYoungGen      total 30720K, used 29344K [0x00000007aab00000, 0x00000007acc80000, 0x00000007c0000000)
  eden space 29184K, 100% used [0x00000007aab00000,0x00000007ac780000,0x00000007ac780000)
  from space 1536K, 10% used [0x00000007acb00000,0x00000007acb28000,0x00000007acc80000)
  to   space 2560K, 0% used [0x00000007ac780000,0x00000007ac780000,0x00000007aca00000)
 ParOldGen       total 56832K, used 24950K [0x0000000780000000, 0x0000000783780000, 0x00000007aab00000)
  object space 56832K, 43% used [0x0000000780000000,0x000000078185db48,0x0000000783780000)
 Metaspace       used 9290K, capacity 9461K, committed 9600K, reserved 1058816K
  class space    used 1004K, capacity 1053K, committed 1152K, reserved 1048576K
Event: 2.334 GC heap after
Heap after GC invocations=6 (full 1):
 PSYoungGen      total 31744K, used 160K [0x00000007aab00000, 0x00000007af300000, 0x00000007c0000000)
  eden space 29184K, 0% used [0x00000007aab00000,0x00000007aab00000,0x00000007ac780000)
  from space 2560K, 6% used [0x00000007ac780000,0x00000007ac7a8000,0x00000007aca00000)
  to   space 10240K, 0% used [0x00000007ae900000,0x00000007ae900000,0x00000007af300000)
 ParOldGen       total 66048K, used 63259K [0x0000000780000000, 0x0000000784080000, 0x00000007aab00000)
  object space 66048K, 95% used [0x0000000780000000,0x0000000783dc6c08,0x0000000784080000)
 Metaspace       used 9290K, capacity 9461K, committed 9600K, reserved 1058816K
  class space    used 1004K, capacity 1053K, committed 1152K, reserved 1048576K
}
Event: 2.334 GC heap before
{Heap before GC invocations=7 (full 2):
 PSYoungGen      total 31744K, used 160K [0x00000007aab00000, 0x00000007af300000, 0x00000007c0000000)
  eden space 29184K, 0% used [0x00000007aab00000,0x00000007aab00000,0x00000007ac780000)
  from space 2560K, 6% used [0x00000007ac780000,0x00000007ac7a8000,0x00000007aca00000)
  to   space 10240K, 0% used [0x00000007ae900000,0x00000007ae900000,0x00000007af300000)
 ParOldGen       total 66048K, used 63259K [0x0000000780000000, 0x0000000784080000, 0x00000007aab00000)
  object space 66048K, 95% used [0x0000000780000000,0x0000000783dc6c08,0x0000000784080000)
 Metaspace       used 9290K, capacity 9461K, committed 9600K, reserved 1058816K
  class space    used 1004K, capacity 1053K, committed 1152K, reserved 1048576K
Event: 2.362 GC heap after
Heap after GC invocations=7 (full 2):
 PSYoungGen      total 31744K, used 0K [0x00000007aab00000, 0x00000007af300000, 0x00000007c0000000)
  eden space 29184K, 0% used [0x00000007aab00000,0x00000007aab00000,0x00000007ac780000)
  from space 2560K, 0% used [0x00000007ac780000,0x00000007ac780000,0x00000007aca00000)
  to   space 10240K, 0% used [0x00000007ae900000,0x00000007ae900000,0x00000007af300000)
 ParOldGen       total 81408K, used 19227K [0x0000000780000000, 0x0000000784f80000, 0x00000007aab00000)
  object space 81408K, 23% used [0x0000000780000000,0x00000007812c6db0,0x0000000784f80000)
 Metaspace       used 9290K, capacity 9461K, committed 9600K, reserved 1058816K
  class space    used 1004K, capacity 1053K, committed 1152K, reserved 1048576K
}
Event: 2.492 GC heap before
{Heap before GC invocations=8 (full 2):
 PSYoungGen      total 31744K, used 27874K [0x00000007aab00000, 0x00000007af300000, 0x00000007c0000000)
  eden space 29184K, 95% used [0x00000007aab00000,0x00000007ac6388e0,0x00000007ac780000)
  from space 2560K, 0% used [0x00000007ac780000,0x00000007ac780000,0x00000007aca00000)
  to   space 10240K, 0% used [0x00000007ae900000,0x00000007ae900000,0x00000007af300000)
 ParOldGen       total 81408K, used 19227K [0x0000000780000000, 0x0000000784f80000, 0x00000007aab00000)
  object space 81408K, 23% used [0x0000000780000000,0x00000007812c6db0,0x0000000784f80000)
 Metaspace       used 9307K, capacity 9461K, committed 9600K, reserved 1058816K
  class space    used 1004K, capacity 1053K, committed 1152K, reserved 1048576K
Event: 2.494 GC heap after
Heap after GC invocations=8 (full 2):
 PSYoungGen      total 49664K, used 2447K [0x00000007aab00000, 0x00000007aeb80000, 0x00000007c0000000)
  eden space 47104K, 0% used [0x00000007aab00000,0x00000007aab00000,0x00000007ad900000)
  from space 2560K, 95% used [0x00000007ae900000,0x00000007aeb63df8,0x00000007aeb80000)
  to   space 9216K, 0% used [0x00000007ad980000,0x00000007ad980000,0x00000007ae280000)
 ParOldGen       total 81408K, used 19235K [0x0000000780000000, 0x0000000784f80000, 0x00000007aab00000)
  object space 81408K, 23% used [0x0000000780000000,0x00000007812c8db0,0x0000000784f80000)
 Metaspace       used 9307K, capacity 9461K, committed 9600K, reserved 1058816K
  class space    used 1004K, capacity 1053K, committed 1152K, reserved 1048576K
}

